2026-07-16 17:39:23 INFO  (LoggingInitialization) Using log config file: jar:file:/opt/ghidra/Ghidra/Framework/Generic/lib/Generic.jar!/generic.log4j.xml  
2026-07-16 17:39:23 INFO  (LoggingInitialization) Using log file: /home/simone/docs/decomp/touchpen0c19_fullheat_20260716/ghidra_analysis.log  
2026-07-16 17:39:23 DEBUG (GhidraObjectInputFilter) Including serial input filter: FileSystem/data/client.rmi.serial.filter  
2026-07-16 17:39:23 INFO  (Preferences) Loading user preferences: /home/simone/.config/ghidra/ghidra_12.1.2_DEV/preferences  
2026-07-16 17:39:23 INFO  (ClassSearcher) Searching for classes...  
2026-07-16 17:39:24 INFO  (ClassSearcher) Class search complete (1403 ms)  
2026-07-16 17:39:25 INFO  (DefaultSSLContextInitializer) Initializing SSL Context  
2026-07-16 17:39:25 INFO  (SecureRandomFactory) Initializing Random Number Generator...  
2026-07-16 17:39:25 INFO  (SecureRandomFactory) Random Number Generator initialization complete: NativePRNGNonBlocking  
2026-07-16 17:39:25 INFO  (DefaultTrustManagerFactory) Trust manager disabled, cacerts have not been set  
2026-07-16 17:39:25 INFO  (AnalyzeHeadless) Headless startup complete (3430 ms)  
2026-07-16 17:39:25 INFO  (ClassSearcher) Class searcher loaded 59 extension points (20 false positives)  
2026-07-16 17:39:26 INFO  (HeadlessAnalyzer) HEADLESS Script Paths:
    /opt/ghidra/Ghidra/Features/SystemEmulation/ghidra_scripts
    /opt/ghidra/Ghidra/Features/GnuDemangler/ghidra_scripts
    /opt/ghidra/Ghidra/Features/WildcardAssembler/ghidra_scripts
    /opt/ghidra/Ghidra/Processors/DATA/ghidra_scripts
    /opt/ghidra/Ghidra/Features/DecompilerDependent/ghidra_scripts
    /opt/ghidra/Ghidra/Processors/JVM/ghidra_scripts
    /opt/ghidra/Ghidra/Debug/Debugger-rmi-trace/ghidra_scripts
    /opt/ghidra/Ghidra/Features/MicrosoftCodeAnalyzer/ghidra_scripts
    /opt/ghidra/Ghidra/Features/VersionTracking/ghidra_scripts
    /opt/ghidra/Ghidra/Features/PyGhidra/ghidra_scripts
    /opt/ghidra/Ghidra/Features/SwiftDemangler/ghidra_scripts
    /opt/ghidra/Ghidra/Features/Base/ghidra_scripts
    /opt/ghidra/Ghidra/Processors/Atmel/ghidra_scripts
    /opt/ghidra/Ghidra/Debug/Debugger/ghidra_scripts
    /opt/ghidra/Ghidra/Features/Decompiler/ghidra_scripts
    /opt/ghidra/Ghidra/Features/FunctionID/ghidra_scripts
    /opt/ghidra/Ghidra/Features/PDB/ghidra_scripts
    /opt/ghidra/Ghidra/Processors/8051/ghidra_scripts
    /opt/ghidra/Ghidra/Processors/PIC/ghidra_scripts
    /home/simone/docs/decomp/touchpen0c19_fullheat_20260716/ghidra_scripts
    /opt/ghidra/Ghidra/Features/FileFormats/ghidra_scripts
    /opt/ghidra/Ghidra/Features/BSim/ghidra_scripts
    /opt/ghidra/Ghidra/Features/BytePatterns/ghidra_scripts  
2026-07-16 17:39:26 INFO  (HeadlessAnalyzer) HEADLESS: execution starts  
2026-07-16 17:39:26 INFO  (HeadlessAnalyzer) Creating project: /home/simone/docs/decomp/touchpen0c19_fullheat_20260716/TouchPen0C19  
2026-07-16 17:39:26 INFO  (DefaultProject) Creating project: /home/simone/docs/decomp/touchpen0c19_fullheat_20260716/TouchPen0C19  
2026-07-16 17:39:26 INFO  (HeadlessAnalyzer) REPORT: Processing input files:   
2026-07-16 17:39:26 INFO  (HeadlessAnalyzer)      project: /home/simone/docs/decomp/touchpen0c19_fullheat_20260716/TouchPen0C19  
2026-07-16 17:39:26 INFO  (HeadlessAnalyzer) IMPORTING: file:///home/simone/windrivers/TouchPenProcessor0C19.dll  
2026-07-16 17:39:27 INFO  (ProgramLoader) Using Loader: Portable Executable (PE)  
2026-07-16 17:39:27 INFO  (ProgramLoader) Using Language/Compiler: x86:LE:64:default:windows  
2026-07-16 17:39:27 INFO  (ProgramLoader) Using Library Search Path: [., /bin, /lib, /lib64, /lib/x86_64-linux-gnu, /lib/aarch64-linux-gnu, /usr/bin, /usr/lib, /usr/X11R6/bin, /usr/X11R6/lib, /usr/java/packages/lib, /usr/lib64]  
2026-07-16 17:39:28 INFO  (TLSDirectory) TLS callbacks at 1806aaae0  
2026-07-16 17:39:30 INFO  (ProgramLoader) Additional info:
Loading file:///home/simone/windrivers/TouchPenProcessor0C19.dll?MD5=de83210b2299aaba5c2c9819f166c0fe...
------------------------------------------------

Searching 7 paths for library ADVAPI32.DLL...
Library not found.
------------------------------------------------

Searching 7 paths for library API-MS-WIN-CRT-FILESYSTEM-L1-1-0.DLL...
Library not found.
------------------------------------------------

Searching 7 paths for library API-MS-WIN-CRT-HEAP-L1-1-0.DLL...
Library not found.
------------------------------------------------

Searching 7 paths for library API-MS-WIN-CRT-LOCALE-L1-1-0.DLL...
Library not found.
------------------------------------------------

Searching 7 paths for library API-MS-WIN-CRT-MATH-L1-1-0.DLL...
Library not found.
------------------------------------------------

Searching 7 paths for library API-MS-WIN-CRT-RUNTIME-L1-1-0.DLL...
Library not found.
------------------------------------------------

Searching 7 paths for library API-MS-WIN-CRT-STDIO-L1-1-0.DLL...
Library not found.
------------------------------------------------

Searching 7 paths for library API-MS-WIN-CRT-STRING-L1-1-0.DLL...
Library not found.
------------------------------------------------

Searching 7 paths for library API-MS-WIN-CRT-TIME-L1-1-0.DLL...
Library not found.
------------------------------------------------

Searching 7 paths for library HID.DLL...
Library not found.
------------------------------------------------

Searching 7 paths for library KERNEL32.DLL...
Library not found.
------------------------------------------------

Searching 7 paths for library OLE32.DLL...
Library not found.
------------------------------------------------

Linking the External Programs of 'TouchPenProcessor0C19.dll' to imported libraries...
  [KERNEL32.DLL] -> not found in project
  [ADVAPI32.DLL] -> not found in project
  [OLE32.DLL] -> not found in project
  [HID.DLL] -> not found in project
  [API-MS-WIN-CRT-MATH-L1-1-0.DLL] -> not found in project
  [API-MS-WIN-CRT-RUNTIME-L1-1-0.DLL] -> not found in project
  [API-MS-WIN-CRT-HEAP-L1-1-0.DLL] -> not found in project
  [API-MS-WIN-CRT-STRING-L1-1-0.DLL] -> not found in project
  [API-MS-WIN-CRT-STDIO-L1-1-0.DLL] -> not found in project
  [API-MS-WIN-CRT-LOCALE-L1-1-0.DLL] -> not found in project
  [API-MS-WIN-CRT-FILESYSTEM-L1-1-0.DLL] -> not found in project
  [API-MS-WIN-CRT-TIME-L1-1-0.DLL] -> not found in project
------------------------------------------------

  
2026-07-16 17:39:30 INFO  (HeadlessAnalyzer) IMPORTING: Loaded 0 additional files  
2026-07-16 17:39:30 INFO  (HeadlessAnalyzer) ANALYZING all memory and code: file:///home/simone/windrivers/TouchPenProcessor0C19.dll  
2026-07-16 17:39:30 WARN  (NoReturnFunctionAnalyzer) Ignoring leading '_' chars on no-return name '___raise_securityfailure' specified in file: /opt/ghidra/Ghidra/Features/Base/data/PEFunctionsThatDoNotReturn  
2026-07-16 17:39:30 WARN  (NoReturnFunctionAnalyzer) Ignoring leading '_' chars on no-return name '___report_rangecheckfailure' specified in file: /opt/ghidra/Ghidra/Features/Base/data/PEFunctionsThatDoNotReturn  
2026-07-16 17:39:30 DEBUG (SymbolServerService) SymbolServerService: querying Program's Import Location - /home/simone/windrivers for TouchPenProcessor.pdb, c549dd35-53e3-4fd0-ac05-0826f9326444, 1, 0, ???  
2026-07-16 17:39:30 DEBUG (SymbolServerService) SymbolServerService: got 0 results from Program's Import Location - /home/simone/windrivers  
2026-07-16 17:39:30 DEBUG (SymbolServerService) SymbolServerService: found 0 matches  
2026-07-16 17:39:30 INFO  (PdbUniversalAnalyzer) Skipping PDB processing: failed to locate PDB file in configured locations  
2026-07-16 17:39:30 INFO  (PdbUniversalAnalyzer) Use a script to set the PDB file location. I.e.,
    PdbAnalyzer.setPdbFileOption(currentProgram, new File("/path/to/pdb/file.pdb")); or
    PdbUniversalAnalyzer.setPdbFileOption(currentProgram, new File("/path/to/pdb/file.pdb"));
Or set the symbol server search configuration using:    PdbPlugin.saveSymbolServerServiceConfig(...);
 This must be done using a pre-script (prior to analysis).  
2026-07-16 17:39:31 INFO  (PackedDatabaseCache) Packed database cache: /var/tmp/simone-ghidra/packed-db-cache  
2026-07-16 17:39:31 DEBUG (PackedDatabaseCache) Using cached packed database: /opt/ghidra/Ghidra/Features/Base/data/typeinfo/win32/windows_vs12_64.gdt  
2026-07-16 17:40:24 INFO  (DecompilerSwitchAnalyzer) hit non-returning function, restarting decompiler switch analyzer later  
2026-07-16 17:44:13 INFO  (ApplyDataArchiveAnalyzer) Applied data type archive: windows_vs12_64  
2026-07-16 17:44:14 INFO  (ApplyDataArchiveAnalyzer) Applied data type archive: windows_vs12_64  
2026-07-16 17:44:14 ERROR (DemangledVariable) Could not create Data at address 1806a561d  
2026-07-16 17:49:50 INFO  (AutoAnalysisManager) -----------------------------------------------------
    ASCII Strings                              1.006 secs
    Apply Data Archives                        0.262 secs
    Call Convention ID                         0.055 secs
    Call-Fixup Installer                       0.131 secs
    Create Address Tables                      1.821 secs
    Create Address Tables - One Time           0.418 secs
    Create Function                            0.065 secs
    Data Reference                             4.070 secs
    Decompiler Switch Analysis                 2.832 secs
    Decompiler Switch Analysis - One Time      6.007 secs
    Demangler Microsoft                        0.278 secs
    Disassemble Entry Points                  31.248 secs
    Embedded Media                             0.101 secs
    External Entry References                  0.001 secs
    Function ID                                7.652 secs
    Function Start Search                      0.261 secs
    Non-Returning Functions - Discovered       5.636 secs
    Non-Returning Functions - Known            0.022 secs
    PDB Universal                              0.032 secs
    Reference                                  4.545 secs
    Scalar Operand References                 12.637 secs
    Shared Return Calls                        3.460 secs
    Stack                                    332.734 secs
    Subroutine References                      1.596 secs
    Subroutine References - One Time           0.017 secs
    Windows x86 PE Exception Handling          8.419 secs
    Windows x86 PE RTTI Analyzer               2.607 secs
    Windows x86 Thread Environment Block (TEB) Analyzer     0.033 secs
    WindowsResourceReference                   0.451 secs
    x86 Constant Reference Analyzer          191.564 secs
-----------------------------------------------------
     Total Time   619 secs
-----------------------------------------------------
  
2026-07-16 17:49:50 INFO  (HeadlessAnalyzer) REPORT: Analysis succeeded for file: file:///home/simone/windrivers/TouchPenProcessor0C19.dll  
2026-07-16 17:49:50 INFO  (HeadlessAnalyzer) REPORT: Execute script: ExportHeatScope.java '/home/simone/docs/decomp/touchpen0c19_fullheat_20260716'   
2026-07-16 17:49:52 ERROR (HeadlessAnalyzer) REPORT SCRIPT ERROR: ExportHeatScope.java : The class could not be found. It must be the public class of the .java file: ExportHeatScope not found by 24efaa35 [2] ghidra.app.script.GhidraScriptLoadException: The class could not be found. It must be the public class of the .java file: ExportHeatScope not found by 24efaa35 [2]
	at ghidra.app.script.JavaScriptProvider.getScriptInstance(JavaScriptProvider.java:114)
	at ghidra.app.util.headless.HeadlessAnalyzer.runScriptsList(HeadlessAnalyzer.java:927)
	at ghidra.app.util.headless.HeadlessAnalyzer.analyzeProgram(HeadlessAnalyzer.java:1097)
	at ghidra.app.util.headless.HeadlessAnalyzer.processFileWithImport(HeadlessAnalyzer.java:1595)
	at ghidra.app.util.headless.HeadlessAnalyzer.processWithLoader(HeadlessAnalyzer.java:1755)
	at ghidra.app.util.headless.HeadlessAnalyzer.processWithImport(HeadlessAnalyzer.java:1696)
	at ghidra.app.util.headless.HeadlessAnalyzer.processWithImport(HeadlessAnalyzer.java:1780)
	at ghidra.app.util.headless.HeadlessAnalyzer.processLocal(HeadlessAnalyzer.java:464)
	at ghidra.app.util.headless.AnalyzeHeadless.launch(AnalyzeHeadless.java:199)
	at ghidra.GhidraLauncher.launch(GhidraLauncher.java:81)
	at ghidra.Ghidra.main(Ghidra.java:54)
Caused by: java.lang.ClassNotFoundException: ExportHeatScope not found by 24efaa35 [2]
	at org.apache.felix.framework.BundleWiringImpl.findClassOrResourceByDelegation(BundleWiringImpl.java:1591)
	at org.apache.felix.framework.BundleWiringImpl.access$300(BundleWiringImpl.java:79)
	at org.apache.felix.framework.BundleWiringImpl$BundleClassLoader.loadClass(BundleWiringImpl.java:1976)
	at java.base/java.lang.ClassLoader.loadClass(ClassLoader.java:502)
	at org.apache.felix.framework.Felix.loadBundleClass(Felix.java:2116)
	at org.apache.felix.framework.BundleImpl.loadClass(BundleImpl.java:986)
	at ghidra.app.script.JavaScriptProvider.loadClass(JavaScriptProvider.java:166)
	at ghidra.app.script.JavaScriptProvider.getScriptInstance(JavaScriptProvider.java:97)
	... 10 more
 
2026-07-16 17:49:52 INFO  (HeadlessAnalyzer) ANALYZING changes made by post scripts: file:///home/simone/windrivers/TouchPenProcessor0C19.dll  
2026-07-16 17:49:52 INFO  (HeadlessAnalyzer) REPORT: Post-analysis succeeded for file: file:///home/simone/windrivers/TouchPenProcessor0C19.dll  
2026-07-16 17:49:52 INFO  (LocalFileSystem) /TouchPenProcessor0C19.dll: file created (simone)  
2026-07-16 17:49:52 INFO  (HeadlessAnalyzer) REPORT: Save succeeded for: /TouchPenProcessor0C19.dll (TouchPen0C19:/TouchPenProcessor0C19.dll)  
2026-07-16 17:49:52 INFO  (HeadlessAnalyzer) REPORT: Import succeeded  
