2026-07-16 17:50:23 INFO  (LoggingInitialization) Using log config file: jar:file:/opt/ghidra/Ghidra/Framework/Generic/lib/Generic.jar!/generic.log4j.xml  
2026-07-16 17:50:23 INFO  (LoggingInitialization) Using log file: /home/simone/docs/decomp/touchpen0c19_fullheat_20260716/ghidra_export.log  
2026-07-16 17:50:23 DEBUG (GhidraObjectInputFilter) Including serial input filter: FileSystem/data/client.rmi.serial.filter  
2026-07-16 17:50:23 INFO  (Preferences) Loading user preferences: /home/simone/.config/ghidra/ghidra_12.1.2_DEV/preferences  
2026-07-16 17:50:23 INFO  (ClassSearcher) Searching for classes...  
2026-07-16 17:50:23 INFO  (ClassSearcher) Class search complete (880 ms)  
2026-07-16 17:50:24 INFO  (DefaultSSLContextInitializer) Initializing SSL Context  
2026-07-16 17:50:24 INFO  (SecureRandomFactory) Initializing Random Number Generator...  
2026-07-16 17:50:24 INFO  (SecureRandomFactory) Random Number Generator initialization complete: NativePRNGNonBlocking  
2026-07-16 17:50:24 INFO  (DefaultTrustManagerFactory) Trust manager disabled, cacerts have not been set  
2026-07-16 17:50:24 INFO  (AnalyzeHeadless) Headless startup complete (2394 ms)  
2026-07-16 17:50:24 INFO  (ClassSearcher) Class searcher loaded 59 extension points (20 false positives)  
2026-07-16 17:50:25 INFO  (HeadlessAnalyzer) HEADLESS Script Paths:
    /opt/ghidra/Ghidra/Features/SystemEmulation/ghidra_scripts
    /opt/ghidra/Ghidra/Features/GnuDemangler/ghidra_scripts
    /opt/ghidra/Ghidra/Features/WildcardAssembler/ghidra_scripts
    /opt/ghidra/Ghidra/Processors/DATA/ghidra_scripts
    /opt/ghidra/Ghidra/Features/DecompilerDependent/ghidra_scripts
    /opt/ghidra/Ghidra/Processors/JVM/ghidra_scripts
    /opt/ghidra/Ghidra/Debug/Debugger-rmi-trace/ghidra_scripts
    /opt/ghidra/Ghidra/Features/MicrosoftCodeAnalyzer/ghidra_scripts
    /opt/ghidra/Ghidra/Features/VersionTracking/ghidra_scripts
    /opt/ghidra/Ghidra/Features/PyGhidra/ghidra_scripts
    /opt/ghidra/Ghidra/Features/SwiftDemangler/ghidra_scripts
    /opt/ghidra/Ghidra/Features/Base/ghidra_scripts
    /opt/ghidra/Ghidra/Processors/Atmel/ghidra_scripts
    /opt/ghidra/Ghidra/Debug/Debugger/ghidra_scripts
    /opt/ghidra/Ghidra/Features/Decompiler/ghidra_scripts
    /opt/ghidra/Ghidra/Features/FunctionID/ghidra_scripts
    /opt/ghidra/Ghidra/Features/PDB/ghidra_scripts
    /opt/ghidra/Ghidra/Processors/8051/ghidra_scripts
    /opt/ghidra/Ghidra/Processors/PIC/ghidra_scripts
    /home/simone/docs/decomp/touchpen0c19_fullheat_20260716/ghidra_scripts
    /opt/ghidra/Ghidra/Features/FileFormats/ghidra_scripts
    /opt/ghidra/Ghidra/Features/BSim/ghidra_scripts
    /opt/ghidra/Ghidra/Features/BytePatterns/ghidra_scripts  
2026-07-16 17:50:25 INFO  (HeadlessAnalyzer) HEADLESS: execution starts  
2026-07-16 17:50:25 INFO  (HeadlessAnalyzer) Opening existing project: /home/simone/docs/decomp/touchpen0c19_fullheat_20260716/TouchPen0C19  
2026-07-16 17:50:25 INFO  (HeadlessProject) Opening project: /home/simone/docs/decomp/touchpen0c19_fullheat_20260716/TouchPen0C19  
2026-07-16 17:50:26 INFO  (HeadlessAnalyzer) REPORT: Processing project file: /TouchPenProcessor0C19.dll  
2026-07-16 17:50:27 INFO  (HeadlessAnalyzer) REPORT: Execute script: ExportHeatScope.java '/home/simone/docs/decomp/touchpen0c19_fullheat_20260716'   
2026-07-16 17:50:28 ERROR (HeadlessAnalyzer) REPORT SCRIPT ERROR: ExportHeatScope.java : The class could not be found. It must be the public class of the .java file: ExportHeatScope not found by 24efaa35 [1] ghidra.app.script.GhidraScriptLoadException: The class could not be found. It must be the public class of the .java file: ExportHeatScope not found by 24efaa35 [1]
	at ghidra.app.script.JavaScriptProvider.getScriptInstance(JavaScriptProvider.java:114)
	at ghidra.app.util.headless.HeadlessAnalyzer.runScriptsList(HeadlessAnalyzer.java:927)
	at ghidra.app.util.headless.HeadlessAnalyzer.analyzeProgram(HeadlessAnalyzer.java:1097)
	at ghidra.app.util.headless.HeadlessAnalyzer.processFileNoImport(HeadlessAnalyzer.java:1195)
	at ghidra.app.util.headless.HeadlessAnalyzer.processFolderNoImport(HeadlessAnalyzer.java:1367)
	at ghidra.app.util.headless.HeadlessAnalyzer.processNoImport(HeadlessAnalyzer.java:1396)
	at ghidra.app.util.headless.HeadlessAnalyzer.processLocal(HeadlessAnalyzer.java:461)
	at ghidra.app.util.headless.AnalyzeHeadless.launch(AnalyzeHeadless.java:199)
	at ghidra.GhidraLauncher.launch(GhidraLauncher.java:81)
	at ghidra.Ghidra.main(Ghidra.java:54)
Caused by: java.lang.ClassNotFoundException: ExportHeatScope not found by 24efaa35 [1]
	at org.apache.felix.framework.BundleWiringImpl.findClassOrResourceByDelegation(BundleWiringImpl.java:1591)
	at org.apache.felix.framework.BundleWiringImpl.access$300(BundleWiringImpl.java:79)
	at org.apache.felix.framework.BundleWiringImpl$BundleClassLoader.loadClass(BundleWiringImpl.java:1976)
	at java.base/java.lang.ClassLoader.loadClass(ClassLoader.java:502)
	at org.apache.felix.framework.Felix.loadBundleClass(Felix.java:2116)
	at org.apache.felix.framework.BundleImpl.loadClass(BundleImpl.java:986)
	at ghidra.app.script.JavaScriptProvider.loadClass(JavaScriptProvider.java:166)
	at ghidra.app.script.JavaScriptProvider.getScriptInstance(JavaScriptProvider.java:97)
	... 9 more
 
2026-07-16 17:50:28 INFO  (HeadlessAnalyzer) REPORT: Save succeeded for processed file: /TouchPenProcessor0C19.dll  
2026-07-16 17:51:09 INFO  (LoggingInitialization) Using log config file: jar:file:/opt/ghidra/Ghidra/Framework/Generic/lib/Generic.jar!/generic.log4j.xml  
2026-07-16 17:51:09 INFO  (LoggingInitialization) Using log file: /home/simone/docs/decomp/touchpen0c19_fullheat_20260716/ghidra_export.log  
2026-07-16 17:51:09 DEBUG (GhidraObjectInputFilter) Including serial input filter: FileSystem/data/client.rmi.serial.filter  
2026-07-16 17:51:09 INFO  (Preferences) Loading user preferences: /home/simone/.config/ghidra/ghidra_12.1.2_DEV/preferences  
2026-07-16 17:51:09 INFO  (ClassSearcher) Searching for classes...  
2026-07-16 17:51:10 INFO  (ClassSearcher) Class search complete (942 ms)  
2026-07-16 17:51:10 INFO  (DefaultSSLContextInitializer) Initializing SSL Context  
2026-07-16 17:51:10 INFO  (SecureRandomFactory) Initializing Random Number Generator...  
2026-07-16 17:51:10 INFO  (SecureRandomFactory) Random Number Generator initialization complete: NativePRNGNonBlocking  
2026-07-16 17:51:10 INFO  (DefaultTrustManagerFactory) Trust manager disabled, cacerts have not been set  
2026-07-16 17:51:11 INFO  (AnalyzeHeadless) Headless startup complete (2482 ms)  
2026-07-16 17:51:11 INFO  (ClassSearcher) Class searcher loaded 59 extension points (20 false positives)  
2026-07-16 17:51:11 INFO  (HeadlessAnalyzer) HEADLESS Script Paths:
    /opt/ghidra/Ghidra/Features/SystemEmulation/ghidra_scripts
    /opt/ghidra/Ghidra/Features/GnuDemangler/ghidra_scripts
    /opt/ghidra/Ghidra/Features/WildcardAssembler/ghidra_scripts
    /opt/ghidra/Ghidra/Processors/DATA/ghidra_scripts
    /opt/ghidra/Ghidra/Features/DecompilerDependent/ghidra_scripts
    /opt/ghidra/Ghidra/Processors/JVM/ghidra_scripts
    /opt/ghidra/Ghidra/Debug/Debugger-rmi-trace/ghidra_scripts
    /opt/ghidra/Ghidra/Features/MicrosoftCodeAnalyzer/ghidra_scripts
    /opt/ghidra/Ghidra/Features/VersionTracking/ghidra_scripts
    /opt/ghidra/Ghidra/Features/PyGhidra/ghidra_scripts
    /opt/ghidra/Ghidra/Features/SwiftDemangler/ghidra_scripts
    /opt/ghidra/Ghidra/Features/Base/ghidra_scripts
    /opt/ghidra/Ghidra/Processors/Atmel/ghidra_scripts
    /opt/ghidra/Ghidra/Debug/Debugger/ghidra_scripts
    /opt/ghidra/Ghidra/Features/Decompiler/ghidra_scripts
    /opt/ghidra/Ghidra/Features/FunctionID/ghidra_scripts
    /opt/ghidra/Ghidra/Features/PDB/ghidra_scripts
    /opt/ghidra/Ghidra/Processors/8051/ghidra_scripts
    /opt/ghidra/Ghidra/Processors/PIC/ghidra_scripts
    /home/simone/docs/decomp/touchpen0c19_fullheat_20260716/ghidra_scripts
    /opt/ghidra/Ghidra/Features/FileFormats/ghidra_scripts
    /opt/ghidra/Ghidra/Features/BSim/ghidra_scripts
    /opt/ghidra/Ghidra/Features/BytePatterns/ghidra_scripts  
2026-07-16 17:51:11 INFO  (HeadlessAnalyzer) HEADLESS: execution starts  
2026-07-16 17:51:11 INFO  (HeadlessAnalyzer) Opening existing project: /home/simone/docs/decomp/touchpen0c19_fullheat_20260716/TouchPen0C19  
2026-07-16 17:51:11 INFO  (HeadlessProject) Opening project: /home/simone/docs/decomp/touchpen0c19_fullheat_20260716/TouchPen0C19  
2026-07-16 17:51:13 INFO  (HeadlessAnalyzer) REPORT: Processing project file: /TouchPenProcessor0C19.dll  
2026-07-16 17:51:13 INFO  (HeadlessAnalyzer) REPORT: Execute script: ExportHeatScope.java '/home/simone/docs/decomp/touchpen0c19_fullheat_20260716'   
2026-07-16 17:51:14 INFO  (HeadlessAnalyzer) SCRIPT: /home/simone/docs/decomp/touchpen0c19_fullheat_20260716/ghidra_scripts/ExportHeatScope.java  
2026-07-16 17:51:33 INFO  (HeadlessAnalyzer) REPORT: Save succeeded for processed file: /TouchPenProcessor0C19.dll  
